ia,iz,Emax (default Emax = 6 MeV)
  34, 18,    6.00,   -1.00                         
 /home/matmarti/Documents/Theory/nushellx_Feb2015/toi/mass-data/aud12.dat       
  

  34AR    Energy T   J          BE =    278.721 ( 0.000) MeV

 /home/matmarti/Documents/Theory/nushellx_Feb2015/toi/toi-data/ensdf.034        
  
-----------------------------------------------------------------------
 34AR   1|  0.000     0+  |                 |
 34AR   2|  2.091     2+  |                 |
 34AR   3|  3.288     2+  |                 |
 34AR   4|  3.871     0+  |                 |
 34AR   5|                |                 |   4.128                     
 34AR   6|                |   4.513     3-  |           
 34AR   7|                |                 |   4.631                     
S-p    =   4.664 ( 0.000) ---------------------------------------------
 34AR   8|                |                 |   4.865                     
 34AR   9|  4.967     0+  |                 |
 34AR  10|                |                 |   5.225                     
 34AR  11|                |                 |   5.310     (5-)            
 34AR  12|                |                 |   5.542                     
 34AR  13|  5.620     2+  |                 |
 34AR  14|  5.909     0+  |                 |


S-p    =   4.664 ( 0.000) ---------------------------------------------
S-n    =  17.065 ( 0.000) ---------------------------------------------
S-2p   =   6.941 ( 0.000) ---------------------------------------------
S-2n   =  32.321 ( 0.002) ---------------------------------------------
S-alpha=   6.744 ( 0.000) ---------------------------------------------

S+p       =  -0.084 ( 0.001)
S+n       = -12.740 ( 0.001)
S+2p      =  -2.651 ( 0.040)
S+2n      = -27.996 ( 0.000)
S+alpha   =  -6.105 ( 0.000)

gap p     =   4.580 ( 0.001)
gap n     =   4.325 ( 0.001)
gap 2p    =   4.290 ( 0.040)
gap 2n    =   4.325 ( 0.002)
gap alpha =   0.639 ( 0.000)

Output is in toi.dat; delta BE =  278.721
ia,iz,Emax (default Emax = 6 MeV)
 0,0                                               
 /home/matmarti/Documents/Theory/nushellx_Feb2015/toi/mass-data/aud12.dat       
  
