ia,iz,Emax (default Emax = 6 MeV)
  14,  8,    6.00,   -1.00                         
 /home/matmarti/Documents/Theory/nushellx_Feb2015/toi/mass-data/aud12.dat       
  

  14O     Energy T   J          BE =     98.732 ( 0.000) MeV

 /home/matmarti/Documents/Theory/nushellx_Feb2015/toi/toi-data/ensdf.014        
  
-----------------------------------------------------------------------
 14O    1|  0.000 1   0+  |                 |
S-p    =   4.627 ( 0.000) ---------------------------------------------
 14O    2|                |   5.173 1   1-  |           
 14O    3|  5.920 1   0+  |                 |


S-p    =   4.627 ( 0.000) ---------------------------------------------
S-n    =  23.179 ( 0.010) ---------------------------------------------
S-2p   =   6.570 ( 0.000) ---------------------------------------------
S-2n   =  40.050 ( 0.024) ---------------------------------------------
S-alpha=  10.116 ( 0.000) ---------------------------------------------

S+p       =   1.510 ( 0.062)
S+n       = -13.223 ( 0.001)
S+2p      =   1.401 ( 0.020)
S+2n      = -28.887 ( 0.000)
S+alpha   =  -5.115 ( 0.000)

gap p     =   6.137 ( 0.062)
gap n     =   9.956 ( 0.010)
gap 2p    =   7.971 ( 0.020)
gap 2n    =  11.163 ( 0.024)
gap alpha =   5.001 ( 0.001)

Output is in toi.dat; delta BE =   98.732
ia,iz,Emax (default Emax = 6 MeV)
 0,0                                               
 /home/matmarti/Documents/Theory/nushellx_Feb2015/toi/mass-data/aud12.dat       
  
