ia,iz,Emax (default Emax = 6 MeV)
  30, 16,    6.00,   -1.00                         
 /home/matmarti/Documents/Theory/nushellx_Feb2015/toi/mass-data/aud12.dat       
  

  30S     Energy T   J          BE =    243.681 ( 0.000) MeV

 /home/matmarti/Documents/Theory/nushellx_Feb2015/toi/toi-data/ensdf.030        
  
-----------------------------------------------------------------------
 30S    1|  0.000     0+  |                 |
 30S    2|  2.211     2+  |                 |
 30S    3|  3.403     2+  |                 |
 30S    4|                |                 |   3.668                     
 30S    5|                |                 |   3.676     (1+)            
S-p    =   4.396 ( 0.001) ---------------------------------------------
 30S    6|                |                 |   4.704     (3+)            
 30S    7|                |                 |   4.814     (2+)            
 30S    8|                |                 |   5.136     (3+)            
 30S    9|                |                 |   5.168     (4+)            
 30S   10|                |                 |   5.217     (0+)            
 30S   11|                |                 |   5.318     (3-)            
 30S   12|                |                 |   5.389     (2+)            
 30S   13|                |                 |   5.843     (1-)            
 30S   14|                |                 |   5.945                     


S-p    =   4.396 ( 0.001) ---------------------------------------------
S-n    =  18.974 ( 0.050) ---------------------------------------------
S-2p   =   7.144 ( 0.000) ---------------------------------------------
S-2n   =  34.275 ( 0.160) ---------------------------------------------
S-alpha=   9.343 ( 0.000) ---------------------------------------------

S+p       =  -0.296 ( 0.050)
S+n       = -13.055 ( 0.000)
S+2p      =  -2.719 ( 0.002)
S+2n      = -28.099 ( 0.000)
S+alpha   =  -6.744 ( 0.000)

gap p     =   4.099 ( 0.050)
gap n     =   5.919 ( 0.050)
gap 2p    =   4.425 ( 0.002)
gap 2n    =   6.176 ( 0.160)
gap alpha =   2.599 ( 0.001)

Output is in toi.dat; delta BE =  243.681
ia,iz,Emax (default Emax = 6 MeV)
 0,0                                               
 /home/matmarti/Documents/Theory/nushellx_Feb2015/toi/mass-data/aud12.dat       
  
